2026-07-21 15:54:53,836 | WARNING | PyNaCl is not installed, voice will NOT be supported
2026-07-21 15:54:53,837 | WARNING | davey is not installed, voice will NOT be supported
2026-07-21 15:54:57,461 | INFO | logging in using static token
2026-07-21 15:54:58,466 | INFO | Shard ID None has connected to Gateway (Session ID: 5e8eb41d07011ca47a33a3af1b79186e).
2026-07-21 15:55:00,481 | INFO | Bot uruchomiony jako Iris Nova#6933
2026-07-21 16:01:05,460 | WARNING | PyNaCl is not installed, voice will NOT be supported
2026-07-21 16:01:05,460 | WARNING | davey is not installed, voice will NOT be supported
2026-07-21 16:01:08,932 | INFO | logging in using static token
2026-07-21 16:01:10,050 | INFO | Shard ID None has connected to Gateway (Session ID: 997a6aa2c73255cc4897f5e2642a7eb1).
2026-07-21 16:01:12,062 | INFO | Bot uruchomiony jako Iris Nova#6933
2026-07-21 16:03:34,062 | ERROR | Ignoring exception in command None
discord.ext.commands.errors.CommandNotFound: Command "clear" is not found
2026-07-21 16:03:52,242 | WARNING | PyNaCl is not installed, voice will NOT be supported
2026-07-21 16:03:52,243 | WARNING | davey is not installed, voice will NOT be supported
2026-07-21 16:03:55,864 | INFO | logging in using static token
2026-07-21 16:03:57,562 | INFO | Shard ID None has connected to Gateway (Session ID: 05538da3d3228b3edc5314415acf559d).
2026-07-21 16:03:59,605 | INFO | Bot uruchomiony jako Iris Nova#6933
2026-07-21 16:04:12,589 | INFO | _.bl4ck0ut._ usunął 5 wiadomości na ogólny
2026-07-21 16:04:34,941 | INFO | _.bl4ck0ut._ wyrzucił blacky_yfl: test
2026-07-21 16:09:08,449 | WARNING | PyNaCl is not installed, voice will NOT be supported
2026-07-21 16:09:08,450 | WARNING | davey is not installed, voice will NOT be supported
2026-07-21 16:09:11,921 | INFO | logging in using static token
2026-07-21 16:09:12,946 | INFO | Shard ID None has connected to Gateway (Session ID: 571011f891289b42a02f16863b28d2d4).
2026-07-21 16:09:14,964 | INFO | Bot uruchomiony jako Iris Nova#6933
2026-07-21 16:10:00,097 | ERROR | kluba próbował użyć clear bez uprawnień
2026-07-21 16:14:06,653 | WARNING | PyNaCl is not installed, voice will NOT be supported
2026-07-21 16:14:06,654 | WARNING | davey is not installed, voice will NOT be supported
2026-07-21 16:15:25,826 | WARNING | PyNaCl is not installed, voice will NOT be supported
2026-07-21 16:15:25,826 | WARNING | davey is not installed, voice will NOT be supported
2026-07-21 16:16:48,706 | WARNING | PyNaCl is not installed, voice will NOT be supported
2026-07-21 16:16:48,707 | WARNING | davey is not installed, voice will NOT be supported
2026-07-21 16:16:51,960 | INFO | logging in using static token
2026-07-21 16:16:53,155 | INFO | Shard ID None has connected to Gateway (Session ID: 0d93a70850079b27e57434378f513ef3).
2026-07-21 16:16:55,185 | INFO | Bot uruchomiony jako Iris Nova#6933
2026-07-21 16:17:01,279 | ERROR | Błąd komendy status: The check functions for command status failed.
2026-07-21 16:17:25,716 | ERROR | Błąd komendy status: The check functions for command status failed.
2026-07-21 16:20:50,845 | WARNING | PyNaCl is not installed, voice will NOT be supported
2026-07-21 16:20:50,846 | WARNING | davey is not installed, voice will NOT be supported
2026-07-21 16:20:54,441 | INFO | logging in using static token
2026-07-21 16:20:55,569 | INFO | Shard ID None has connected to Gateway (Session ID: 5b73ddbcf103f05468e0fb8cb3149f36).
2026-07-21 16:20:57,590 | INFO | Bot uruchomiony jako Iris Nova#6933
2026-07-21 16:24:36,874 | WARNING | PyNaCl is not installed, voice will NOT be supported
2026-07-21 16:24:36,875 | WARNING | davey is not installed, voice will NOT be supported
2026-07-21 16:24:39,686 | INFO | logging in using static token
2026-07-21 16:24:40,692 | INFO | Shard ID None has connected to Gateway (Session ID: 44a0b9b49b21c1238c95670ee5fa13f4).
2026-07-21 16:24:42,715 | INFO | Bot uruchomiony jako Iris Nova#6933
2026-07-21 16:24:50,320 | INFO | _.bl4ck0ut._ sprawdził status Iris
2026-07-21 16:27:10,153 | INFO | _.bl4ck0ut._ sprawdził status Iris
2026-07-21 16:27:39,753 | WARNING | PyNaCl is not installed, voice will NOT be supported
2026-07-21 16:27:39,754 | WARNING | davey is not installed, voice will NOT be supported
2026-07-21 16:27:47,127 | INFO | logging in using static token
2026-07-21 16:27:48,232 | INFO | Shard ID None has connected to Gateway (Session ID: ad28be3a3e24e310e0462de894061a78).
2026-07-21 16:27:50,277 | INFO | Bot uruchomiony jako Iris Nova#6933
2026-07-21 16:28:07,567 | INFO | _.bl4ck0ut._ sprawdził status Iris
2026-07-21 16:29:15,866 | INFO | _.bl4ck0ut._ przeładował moduł status
2026-07-21 16:29:27,523 | INFO | _.bl4ck0ut._ przeładował moduł moderation
2026-07-21 16:35:26,683 | WARNING | PyNaCl is not installed, voice will NOT be supported
2026-07-21 16:35:26,684 | WARNING | davey is not installed, voice will NOT be supported
2026-07-21 16:36:07,677 | WARNING | PyNaCl is not installed, voice will NOT be supported
2026-07-21 16:36:07,677 | WARNING | davey is not installed, voice will NOT be supported
2026-07-21 16:36:13,307 | INFO | logging in using static token
2026-07-21 16:36:14,448 | INFO | Shard ID None has connected to Gateway (Session ID: 49302c420351d5ba7f900e45760ac7af).
2026-07-21 16:36:16,467 | INFO | Bot uruchomiony jako Iris Nova#6933
2026-07-21 16:36:27,059 | INFO | _.bl4ck0ut._ usunął 5 wiadomości na ogólny
2026-07-21 16:36:30,848 | INFO | _.bl4ck0ut._ przeładował wszystkie moduły
2026-07-21 16:39:00,845 | INFO | _.bl4ck0ut._ przeładował wszystkie moduły
2026-07-21 16:39:21,449 | WARNING | PyNaCl is not installed, voice will NOT be supported
2026-07-21 16:39:21,449 | WARNING | davey is not installed, voice will NOT be supported
2026-07-21 16:39:25,153 | INFO | logging in using static token
2026-07-21 16:39:26,572 | INFO | Shard ID None has connected to Gateway (Session ID: d212d74fcf21c096745b3c5268020ddc).
2026-07-21 16:39:28,588 | INFO | Bot uruchomiony jako Iris Nova#6933
2026-07-21 16:43:16,394 | INFO | _.bl4ck0ut._ przeładował wszystkie moduły
2026-07-21 16:43:38,116 | WARNING | PyNaCl is not installed, voice will NOT be supported
2026-07-21 16:43:38,116 | WARNING | davey is not installed, voice will NOT be supported
2026-07-21 16:43:41,654 | INFO | logging in using static token
2026-07-21 16:43:42,681 | INFO | Shard ID None has connected to Gateway (Session ID: f591a6f32672f1e30962a96e63556ccc).
2026-07-21 16:43:44,699 | INFO | Bot uruchomiony jako Iris Nova#6933
2026-07-21 16:44:01,418 | INFO | _.bl4ck0ut._ usunął 5 wiadomości na ogólny
2026-07-21 16:47:27,792 | WARNING | PyNaCl is not installed, voice will NOT be supported
2026-07-21 16:47:27,793 | WARNING | davey is not installed, voice will NOT be supported
2026-07-21 16:47:31,491 | INFO | logging in using static token
2026-07-21 16:47:32,861 | INFO | Shard ID None has connected to Gateway (Session ID: b4d01421f97d9012ede70a20916a0b7b).
2026-07-21 16:47:34,872 | INFO | Bot uruchomiony jako Iris Nova#6933
2026-07-21 16:49:03,475 | WARNING | PyNaCl is not installed, voice will NOT be supported
2026-07-21 16:49:03,478 | WARNING | davey is not installed, voice will NOT be supported
2026-07-21 16:49:07,100 | INFO | logging in using static token
2026-07-21 16:49:08,220 | INFO | Shard ID None has connected to Gateway (Session ID: b16cf1a24cc0827b88a02c03133bc61b).
2026-07-21 16:49:10,253 | INFO | Bot uruchomiony jako Iris Nova#6933
2026-07-21 16:50:55,481 | INFO | _.bl4ck0ut._ sprawdził status Iris
2026-07-21 16:52:37,243 | WARNING | PyNaCl is not installed, voice will NOT be supported
2026-07-21 16:52:37,243 | WARNING | davey is not installed, voice will NOT be supported
2026-07-21 16:52:40,551 | INFO | logging in using static token
2026-07-21 16:52:41,802 | INFO | Shard ID None has connected to Gateway (Session ID: 940b618fa8a5f7e6570ff52cba977af0).
2026-07-21 16:52:43,824 | INFO | Bot uruchomiony jako Iris Nova#6933
2026-07-21 16:53:25,125 | INFO | _.bl4ck0ut._ usunął 1 wiadomości na ogólny
2026-07-21 16:54:31,047 | INFO | _.bl4ck0ut._ przeładował wszystkie moduły
2026-07-21 16:55:36,035 | INFO | _.bl4ck0ut._ przeładował wszystkie moduły
2026-07-21 17:00:30,080 | WARNING | PyNaCl is not installed, voice will NOT be supported
2026-07-21 17:00:30,081 | WARNING | davey is not installed, voice will NOT be supported
2026-07-21 17:00:33,917 | INFO | logging in using static token
2026-07-21 17:00:34,990 | INFO | Shard ID None has connected to Gateway (Session ID: b30e6c1ec6c49fb9356c7667cbbb4228).
2026-07-21 17:00:37,012 | INFO | Bot uruchomiony jako Iris Nova#6933
2026-07-21 17:02:59,414 | WARNING | PyNaCl is not installed, voice will NOT be supported
2026-07-21 17:02:59,415 | WARNING | davey is not installed, voice will NOT be supported
2026-07-21 17:03:03,830 | INFO | logging in using static token
2026-07-21 17:03:04,872 | INFO | Shard ID None has connected to Gateway (Session ID: 0f7aeed9f2f033946900bf618e992cb2).
2026-07-21 17:03:06,886 | INFO | Bot uruchomiony jako Iris Nova#6933
2026-07-21 17:04:39,872 | INFO | _.bl4ck0ut._ przeładował wszystkie moduły
2026-07-21 17:11:14,898 | INFO | _.bl4ck0ut._ przeładował wszystkie moduły
2026-07-21 17:11:24,891 | ERROR | Błąd komendy warnings: Member "clear" not found.
2026-07-21 17:16:36,892 | INFO | _.bl4ck0ut._ przeładował wszystkie moduły
2026-07-21 17:17:32,847 | WARNING | PyNaCl is not installed, voice will NOT be supported
2026-07-21 17:17:32,848 | WARNING | davey is not installed, voice will NOT be supported
2026-07-21 17:17:37,054 | INFO | logging in using static token
2026-07-21 17:17:38,230 | INFO | Shard ID None has connected to Gateway (Session ID: 36acdc63b2c713186cfe022857a1b089).
2026-07-21 17:17:40,246 | INFO | Bot uruchomiony jako Iris Nova#6933
2026-07-21 17:20:04,872 | INFO | _.bl4ck0ut._ przeładował wszystkie moduły
2026-07-21 17:20:19,967 | WARNING | PyNaCl is not installed, voice will NOT be supported
2026-07-21 17:20:19,968 | WARNING | davey is not installed, voice will NOT be supported
2026-07-21 17:20:23,740 | INFO | logging in using static token
2026-07-21 17:20:24,811 | INFO | Shard ID None has connected to Gateway (Session ID: 6ebfefcccf9f6173b47b69b55a684b8c).
2026-07-21 17:20:26,832 | INFO | Bot uruchomiony jako Iris Nova#6933
2026-07-21 17:24:28,177 | WARNING | PyNaCl is not installed, voice will NOT be supported
2026-07-21 17:24:28,179 | WARNING | davey is not installed, voice will NOT be supported
2026-07-21 17:24:33,796 | INFO | logging in using static token
2026-07-21 17:24:35,147 | INFO | Shard ID None has connected to Gateway (Session ID: 8ad0f7539f0dbd56e68b0227bcc7ebee).
2026-07-21 17:24:37,445 | INFO | Bot uruchomiony jako Iris Nova#6933
2026-07-21 17:27:45,035 | WARNING | PyNaCl is not installed, voice will NOT be supported
2026-07-21 17:27:45,035 | WARNING | davey is not installed, voice will NOT be supported
2026-07-21 17:27:48,573 | INFO | logging in using static token
2026-07-21 17:27:49,659 | INFO | Shard ID None has connected to Gateway (Session ID: e349a577506a26d68039f52109517816).
2026-07-21 17:27:51,972 | INFO | Bot uruchomiony jako Iris Nova#6933
2026-07-21 17:31:01,139 | WARNING | PyNaCl is not installed, voice will NOT be supported
2026-07-21 17:31:01,141 | WARNING | davey is not installed, voice will NOT be supported
2026-07-21 17:31:05,578 | INFO | logging in using static token
2026-07-21 17:31:06,609 | INFO | Shard ID None has connected to Gateway (Session ID: 65b24b9cc4d3d91a892450ebc7410f2a).
2026-07-21 17:31:08,942 | INFO | Bot uruchomiony jako Iris Nova#6933
2026-07-21 17:31:16,663 | ERROR | Ignoring exception in command tree
Traceback (most recent call last):
  File "C:\Users\jakub\Desktop\IrisBot\.venv\Lib\site-packages\discord\app_commands\tree.py", line 1138, in wrapper
    await self._call(interaction)
  File "C:\Users\jakub\Desktop\IrisBot\.venv\Lib\site-packages\discord\app_commands\tree.py", line 1270, in _call
    command, options = self._get_app_command_options(data)
                       ~~~~~~~~~~~~~~~~~~~~~~~~~~~~~^^^^^^
  File "C:\Users\jakub\Desktop\IrisBot\.venv\Lib\site-packages\discord\app_commands\tree.py", line 1174, in _get_app_command_options
    raise CommandNotFound(name, parents)
discord.app_commands.errors.CommandNotFound: Application command 'ping' not found
2026-07-21 17:33:48,883 | WARNING | PyNaCl is not installed, voice will NOT be supported
2026-07-21 17:33:48,883 | WARNING | davey is not installed, voice will NOT be supported
2026-07-21 17:33:53,159 | INFO | logging in using static token
2026-07-21 17:33:54,603 | INFO | Shard ID None has connected to Gateway (Session ID: 1a8c27738706b5351529715f41988ee9).
2026-07-21 17:36:49,144 | WARNING | PyNaCl is not installed, voice will NOT be supported
2026-07-21 17:36:49,145 | WARNING | davey is not installed, voice will NOT be supported
2026-07-21 17:37:46,859 | WARNING | PyNaCl is not installed, voice will NOT be supported
2026-07-21 17:37:46,867 | WARNING | davey is not installed, voice will NOT be supported
2026-07-21 17:39:10,237 | WARNING | PyNaCl is not installed, voice will NOT be supported
2026-07-21 17:39:10,239 | WARNING | davey is not installed, voice will NOT be supported
2026-07-21 17:39:30,558 | INFO | logging in using static token
2026-07-21 17:39:31,581 | INFO | Shard ID None has connected to Gateway (Session ID: d4506159aca5e0f66120ef33cae6174e).
2026-07-21 17:40:49,237 | WARNING | PyNaCl is not installed, voice will NOT be supported
2026-07-21 17:40:49,238 | WARNING | davey is not installed, voice will NOT be supported
2026-07-21 17:43:28,427 | WARNING | PyNaCl is not installed, voice will NOT be supported
2026-07-21 17:43:28,428 | WARNING | davey is not installed, voice will NOT be supported
2026-07-21 17:43:32,186 | INFO | logging in using static token
2026-07-21 17:43:33,267 | INFO | Shard ID None has connected to Gateway (Session ID: d1efce3de0deaffac40ad9df61b0dc17).
2026-07-21 17:44:55,264 | INFO | Shard ID None has successfully RESUMED session d1efce3de0deaffac40ad9df61b0dc17.
2026-07-21 17:50:06,746 | WARNING | PyNaCl is not installed, voice will NOT be supported
2026-07-21 17:50:06,748 | WARNING | davey is not installed, voice will NOT be supported
2026-07-21 17:52:11,236 | WARNING | PyNaCl is not installed, voice will NOT be supported
2026-07-21 17:52:11,237 | WARNING | davey is not installed, voice will NOT be supported
2026-07-21 17:52:15,020 | INFO | logging in using static token
2026-07-21 17:52:16,139 | INFO | Shard ID None has connected to Gateway (Session ID: 028d8f9251dfcf662c91ef45fe25a205).
2026-07-21 17:52:37,695 | INFO | Bot uruchomiony jako Iris Nova#6933
2026-07-21 17:56:03,094 | WARNING | PyNaCl is not installed, voice will NOT be supported
2026-07-21 17:56:03,095 | WARNING | davey is not installed, voice will NOT be supported
2026-07-21 17:56:07,162 | INFO | logging in using static token
2026-07-21 18:37:51,932 | WARNING | PyNaCl is not installed, voice will NOT be supported
2026-07-21 18:37:51,934 | WARNING | davey is not installed, voice will NOT be supported
2026-07-21 18:37:57,909 | INFO | logging in using static token
2026-07-21 18:37:59,051 | INFO | Shard ID None has connected to Gateway (Session ID: 190b62979993d335636d9bf2a9981f43).
2026-07-21 18:38:01,273 | INFO | Bot uruchomiony jako Iris Nova#6933
2026-07-21 18:38:36,963 | INFO | _.bl4ck0ut._ sprawdził status Iris
2026-07-21 18:40:34,575 | WARNING | PyNaCl is not installed, voice will NOT be supported
2026-07-21 18:40:34,576 | WARNING | davey is not installed, voice will NOT be supported
2026-07-21 18:40:38,546 | INFO | logging in using static token
2026-07-21 18:40:42,286 | INFO | Shard ID None has connected to Gateway (Session ID: f864e87e74d17f10b81b4806ca4a79dd).
2026-07-21 18:40:44,527 | INFO | Bot uruchomiony jako Iris Nova#6933
2026-07-21 18:46:39,901 | WARNING | PyNaCl is not installed, voice will NOT be supported
2026-07-21 18:46:39,903 | WARNING | davey is not installed, voice will NOT be supported
2026-07-21 18:46:49,166 | INFO | logging in using static token
2026-07-21 18:46:50,384 | INFO | Shard ID None has connected to Gateway (Session ID: 3c536198c4a240c0c8aa4a0d2c3e1c13).
2026-07-21 18:46:52,816 | INFO | Bot uruchomiony jako Iris Nova#6933
2026-07-21 18:49:26,893 | WARNING | PyNaCl is not installed, voice will NOT be supported
2026-07-21 18:49:26,894 | WARNING | davey is not installed, voice will NOT be supported
2026-07-21 18:49:30,454 | INFO | logging in using static token
2026-07-21 18:49:31,666 | INFO | Shard ID None has connected to Gateway (Session ID: e2cb3f45285c176de699741c3b44019f).
2026-07-21 18:49:33,933 | INFO | Bot uruchomiony jako Iris Nova#6933
2026-07-21 18:51:28,818 | WARNING | PyNaCl is not installed, voice will NOT be supported
2026-07-21 18:51:28,819 | WARNING | davey is not installed, voice will NOT be supported
2026-07-21 18:51:33,948 | INFO | logging in using static token
2026-07-21 18:51:35,204 | INFO | Shard ID None has connected to Gateway (Session ID: 1ade5208ff4d128473de2247a993d194).
2026-07-21 18:51:37,570 | INFO | Bot uruchomiony jako Iris Nova#6933
2026-07-21 18:56:35,489 | WARNING | PyNaCl is not installed, voice will NOT be supported
2026-07-21 18:56:35,491 | WARNING | davey is not installed, voice will NOT be supported
2026-07-21 18:57:22,664 | WARNING | PyNaCl is not installed, voice will NOT be supported
2026-07-21 18:57:22,664 | WARNING | davey is not installed, voice will NOT be supported
2026-07-21 18:58:52,147 | WARNING | PyNaCl is not installed, voice will NOT be supported
2026-07-21 18:58:52,148 | WARNING | davey is not installed, voice will NOT be supported
2026-07-21 18:58:56,731 | INFO | logging in using static token
2026-07-21 18:58:57,951 | INFO | Shard ID None has connected to Gateway (Session ID: ea688a6a3a5df9cf2426e1cdb4373565).
2026-07-21 18:58:59,981 | INFO | Bot uruchomiony jako Iris Nova#6933
2026-07-21 18:59:17,061 | WARNING | PyNaCl is not installed, voice will NOT be supported
2026-07-21 18:59:17,062 | WARNING | davey is not installed, voice will NOT be supported
2026-07-21 18:59:20,290 | INFO | logging in using static token
2026-07-21 18:59:22,126 | INFO | Shard ID None has connected to Gateway (Session ID: 26234d646f9e763a5eb6750de574975e).
2026-07-21 18:59:24,152 | INFO | Bot uruchomiony jako Iris Nova#6933
2026-07-21 19:00:29,759 | WARNING | PyNaCl is not installed, voice will NOT be supported
2026-07-21 19:00:29,760 | WARNING | davey is not installed, voice will NOT be supported
2026-07-21 19:00:32,882 | INFO | logging in using static token
2026-07-21 19:00:34,219 | INFO | Shard ID None has connected to Gateway (Session ID: 1d4561e2bbc0ae16ecc77795482279a0).
2026-07-21 19:00:36,246 | INFO | Bot uruchomiony jako Iris Nova#6933
2026-07-21 19:02:01,017 | WARNING | PyNaCl is not installed, voice will NOT be supported
2026-07-21 19:02:01,019 | WARNING | davey is not installed, voice will NOT be supported
2026-07-21 19:02:05,003 | INFO | logging in using static token
2026-07-21 19:02:06,384 | INFO | Shard ID None has connected to Gateway (Session ID: 11d9b0870e40a8887103b20b57e65f3e).
2026-07-21 19:02:08,404 | INFO | Bot uruchomiony jako Iris Nova#6933
2026-07-21 19:02:45,846 | ERROR | kluba próbował użyć clear bez uprawnień
2026-07-21 19:04:04,092 | WARNING | PyNaCl is not installed, voice will NOT be supported
2026-07-21 19:04:04,093 | WARNING | davey is not installed, voice will NOT be supported
2026-07-21 19:04:08,129 | INFO | logging in using static token
2026-07-21 19:04:09,446 | INFO | Shard ID None has connected to Gateway (Session ID: 8742190c8d91a6940407893bdaf46a30).
2026-07-21 19:04:11,466 | INFO | Bot uruchomiony jako Iris Nova#6933
2026-07-21 19:05:50,182 | WARNING | PyNaCl is not installed, voice will NOT be supported
2026-07-21 19:05:50,183 | WARNING | davey is not installed, voice will NOT be supported
2026-07-21 19:05:53,859 | INFO | logging in using static token
2026-07-21 19:05:55,167 | INFO | Shard ID None has connected to Gateway (Session ID: 7c7b129000c9a70685744684ac6e2db6).
2026-07-21 19:05:57,200 | INFO | Bot uruchomiony jako Iris Nova#6933
2026-07-21 19:10:55,224 | WARNING | PyNaCl is not installed, voice will NOT be supported
2026-07-21 19:10:55,227 | WARNING | davey is not installed, voice will NOT be supported
2026-07-21 19:11:02,243 | INFO | logging in using static token
2026-07-21 19:11:03,441 | INFO | Shard ID None has connected to Gateway (Session ID: f276b3369e0e8288c650842996d89978).
2026-07-21 19:11:05,793 | INFO | Bot uruchomiony jako Iris Nova#6933
2026-07-21 19:15:52,115 | WARNING | Can't keep up, shard ID None websocket is 41.4s behind.
2026-07-21 19:16:28,319 | WARNING | PyNaCl is not installed, voice will NOT be supported
2026-07-21 19:16:28,320 | WARNING | davey is not installed, voice will NOT be supported
2026-07-21 19:16:34,074 | INFO | logging in using static token
2026-07-21 19:16:35,427 | INFO | Shard ID None has connected to Gateway (Session ID: 056765cb2b26df2c3007e985ac36e08d).
2026-07-21 19:16:37,755 | INFO | Bot uruchomiony jako Iris Nova#6933
2026-07-21 19:19:57,862 | WARNING | PyNaCl is not installed, voice will NOT be supported
2026-07-21 19:19:57,862 | WARNING | davey is not installed, voice will NOT be supported
2026-07-21 19:20:01,394 | INFO | logging in using static token
2026-07-21 19:20:02,728 | INFO | Shard ID None has connected to Gateway (Session ID: 545cd9e2270c2477610532c63ebfff32).
2026-07-21 19:20:05,548 | INFO | Bot uruchomiony jako Iris Nova#6933
2026-07-21 19:22:12,319 | WARNING | PyNaCl is not installed, voice will NOT be supported
2026-07-21 19:22:12,320 | WARNING | davey is not installed, voice will NOT be supported
2026-07-21 19:22:17,021 | INFO | logging in using static token
2026-07-21 19:22:18,458 | INFO | Shard ID None has connected to Gateway (Session ID: 767e07d873256e6a5f8fdee8ff35e06a).
2026-07-21 19:22:20,753 | INFO | Bot uruchomiony jako Iris Nova#6933
2026-07-21 19:24:30,740 | WARNING | PyNaCl is not installed, voice will NOT be supported
2026-07-21 19:24:30,740 | WARNING | davey is not installed, voice will NOT be supported
2026-07-21 19:24:33,961 | INFO | logging in using static token
2026-07-21 19:24:35,198 | INFO | Shard ID None has connected to Gateway (Session ID: c70a3f4116a03c518ece4fe05ca7768d).
2026-07-21 19:24:37,591 | INFO | Bot uruchomiony jako Iris Nova#6933
2026-07-21 19:26:15,960 | WARNING | PyNaCl is not installed, voice will NOT be supported
2026-07-21 19:26:15,960 | WARNING | davey is not installed, voice will NOT be supported
2026-07-21 19:26:20,113 | INFO | logging in using static token
2026-07-21 19:26:21,293 | INFO | Shard ID None has connected to Gateway (Session ID: 1e46be55cdae45aae2d60bca80ec692b).
2026-07-21 19:26:23,628 | INFO | Bot uruchomiony jako Iris Nova#6933
2026-07-21 19:27:41,479 | WARNING | PyNaCl is not installed, voice will NOT be supported
2026-07-21 19:27:41,480 | WARNING | davey is not installed, voice will NOT be supported
2026-07-21 19:27:45,139 | INFO | logging in using static token
2026-07-21 19:27:46,519 | INFO | Shard ID None has connected to Gateway (Session ID: 1c85b761a8cc854e1d6aecd51299c040).
2026-07-21 19:27:49,153 | INFO | Bot uruchomiony jako Iris Nova#6933
2026-07-21 19:29:09,257 | WARNING | PyNaCl is not installed, voice will NOT be supported
2026-07-21 19:29:09,258 | WARNING | davey is not installed, voice will NOT be supported
2026-07-21 19:29:12,576 | INFO | logging in using static token
2026-07-21 19:29:13,899 | INFO | Shard ID None has connected to Gateway (Session ID: 3899125b96596506428639e3f8fa3945).
2026-07-21 19:29:16,270 | INFO | Bot uruchomiony jako Iris Nova#6933
2026-07-21 19:30:29,777 | WARNING | PyNaCl is not installed, voice will NOT be supported
2026-07-21 19:30:29,777 | WARNING | davey is not installed, voice will NOT be supported
2026-07-21 19:30:33,556 | INFO | logging in using static token
2026-07-21 19:30:35,028 | INFO | Shard ID None has connected to Gateway (Session ID: da3ab87362eb6425d43dae773d00cec5).
2026-07-21 19:30:37,336 | INFO | Bot uruchomiony jako Iris Nova#6933
2026-07-21 19:35:33,524 | WARNING | PyNaCl is not installed, voice will NOT be supported
2026-07-21 19:35:33,525 | WARNING | davey is not installed, voice will NOT be supported
2026-07-21 19:35:37,260 | INFO | logging in using static token
2026-07-21 19:35:38,581 | INFO | Shard ID None has connected to Gateway (Session ID: e2fda9df443d367ac894288ff2ad5bf1).
2026-07-21 19:35:41,002 | INFO | Bot uruchomiony jako Iris Nova#6933
2026-07-21 19:38:28,558 | WARNING | PyNaCl is not installed, voice will NOT be supported
2026-07-21 19:38:28,559 | WARNING | davey is not installed, voice will NOT be supported
2026-07-21 19:38:32,361 | INFO | logging in using static token
2026-07-21 19:38:33,850 | INFO | Shard ID None has connected to Gateway (Session ID: 0e66c48892e54c72d9c03602b95c021f).
2026-07-21 19:38:36,193 | INFO | Bot uruchomiony jako Iris Nova#6933
2026-07-21 19:40:56,407 | WARNING | PyNaCl is not installed, voice will NOT be supported
2026-07-21 19:40:56,408 | WARNING | davey is not installed, voice will NOT be supported
2026-07-21 19:40:59,832 | INFO | logging in using static token
2026-07-21 19:41:01,165 | INFO | Shard ID None has connected to Gateway (Session ID: 016fea7009d6f7bbdda40dc1da43d33a).
2026-07-21 19:41:03,456 | INFO | Bot uruchomiony jako Iris Nova#6933
2026-07-21 19:43:10,206 | WARNING | PyNaCl is not installed, voice will NOT be supported
2026-07-21 19:43:10,207 | WARNING | davey is not installed, voice will NOT be supported
2026-07-21 19:43:13,202 | INFO | logging in using static token
2026-07-21 19:43:15,059 | INFO | Shard ID None has connected to Gateway (Session ID: 33252d7490247e4508263fcbaa7cfcf1).
2026-07-21 19:43:17,472 | INFO | Bot uruchomiony jako Iris Nova#6933
2026-07-21 19:48:19,689 | WARNING | PyNaCl is not installed, voice will NOT be supported
2026-07-21 19:48:19,691 | WARNING | davey is not installed, voice will NOT be supported
2026-07-21 19:48:23,335 | INFO | logging in using static token
2026-07-21 19:48:24,870 | INFO | Shard ID None has connected to Gateway (Session ID: ce437f1b14f2eccc2b2a2bcc25845fb8).
2026-07-21 19:48:27,190 | INFO | Bot uruchomiony jako Iris Nova#6933
2026-07-21 19:48:59,321 | ERROR | Ignoring exception in on_member_remove
Traceback (most recent call last):
  File "C:\Users\jakub\Desktop\IrisBot\.venv\Lib\site-packages\discord\client.py", line 508, in _run_event
    await coro(*args, **kwargs)
  File "C:\Users\jakub\Desktop\IrisBot\commands\utility\discord_logs.py", line 121, in on_member_remove
    await self.send_log(
    ...<2 lines>...
    )
  File "C:\Users\jakub\Desktop\IrisBot\commands\utility\discord_logs.py", line 54, in send_log
    await channel.send(
        embed=embed
    )
  File "C:\Users\jakub\Desktop\IrisBot\.venv\Lib\site-packages\discord\abc.py", line 1706, in send
    data = await state.http.send_message(channel.id, params=params)
           ^^^^^^^^^^^^^^^^^^^^^^^^^^^^^^^^^^^^^^^^^^^^^^^^^^^^^^^^
  File "C:\Users\jakub\Desktop\IrisBot\.venv\Lib\site-packages\discord\http.py", line 772, in request
    raise Forbidden(response, data)
discord.errors.Forbidden: 403 Forbidden (error code: 50001): Missing Access
2026-07-21 19:53:25,639 | WARNING | PyNaCl is not installed, voice will NOT be supported
2026-07-21 19:53:25,639 | WARNING | davey is not installed, voice will NOT be supported
2026-07-21 19:53:38,858 | INFO | logging in using static token
2026-07-21 19:53:40,571 | INFO | Shard ID None has connected to Gateway (Session ID: 02eabdcfb6ad4007ce54e5a429ae7a13).
2026-07-21 19:53:42,895 | INFO | Bot uruchomiony jako Iris Nova#6933
2026-07-21 19:54:48,196 | WARNING | PyNaCl is not installed, voice will NOT be supported
2026-07-21 19:54:48,197 | WARNING | davey is not installed, voice will NOT be supported
2026-07-21 19:54:53,059 | INFO | logging in using static token
2026-07-21 19:54:55,110 | INFO | Shard ID None has connected to Gateway (Session ID: 7479c2732d5b0806f9640711f3b5ac2a).
2026-07-21 19:54:57,416 | INFO | Bot uruchomiony jako Iris Nova#6933
2026-07-21 19:57:59,265 | WARNING | PyNaCl is not installed, voice will NOT be supported
2026-07-21 19:57:59,267 | WARNING | davey is not installed, voice will NOT be supported
2026-07-21 19:58:04,954 | INFO | logging in using static token
2026-07-21 19:58:06,782 | INFO | Shard ID None has connected to Gateway (Session ID: 42e357dda8103cb9057e2be3e3bc4424).
2026-07-21 19:58:09,634 | INFO | Bot uruchomiony jako Iris Nova#6933
2026-07-21 20:00:08,256 | ERROR | Ignoring exception in command 'kick'
Traceback (most recent call last):
  File "C:\Users\jakub\Desktop\IrisBot\.venv\Lib\site-packages\discord\app_commands\tree.py", line 1302, in _call
    await command._invoke_with_namespace(interaction, namespace)
  File "C:\Users\jakub\Desktop\IrisBot\.venv\Lib\site-packages\discord\app_commands\commands.py", line 880, in _invoke_with_namespace
    if not await self._check_can_run(interaction):
           ^^^^^^^^^^^^^^^^^^^^^^^^^^^^^^^^^^^^^^
  File "C:\Users\jakub\Desktop\IrisBot\.venv\Lib\site-packages\discord\app_commands\commands.py", line 1018, in _check_can_run
    return await async_all(f(interaction) for f in predicates)  # type: ignore
           ^^^^^^^^^^^^^^^^^^^^^^^^^^^^^^^^^^^^^^^^^^^^^^^^^^^
  File "C:\Users\jakub\Desktop\IrisBot\.venv\Lib\site-packages\discord\utils.py", line 723, in async_all
    for elem in gen:
                ^^^
  File "C:\Users\jakub\Desktop\IrisBot\.venv\Lib\site-packages\discord\app_commands\commands.py", line 1018, in <genexpr>
    return await async_all(f(interaction) for f in predicates)  # type: ignore
                           ~^^^^^^^^^^^^^
  File "C:\Users\jakub\Desktop\IrisBot\.venv\Lib\site-packages\discord\app_commands\checks.py", line 340, in predicate
    raise MissingPermissions(missing)
discord.app_commands.errors.MissingPermissions: You are missing Kick Members permission(s) to run this command.
2026-07-21 20:00:59,770 | INFO | _.bl4ck0ut._ wyrzucił blacky_yfl: Brak powodu
2026-07-21 20:05:03,871 | WARNING | PyNaCl is not installed, voice will NOT be supported
2026-07-21 20:05:03,872 | WARNING | davey is not installed, voice will NOT be supported
2026-07-21 20:05:07,953 | INFO | logging in using static token
2026-07-21 20:05:10,255 | INFO | Shard ID None has connected to Gateway (Session ID: fb531cac261c8cd90a56c6292f40a2d4).
2026-07-21 20:05:12,628 | INFO | Bot uruchomiony jako Iris Nova#6933
2026-07-21 20:08:20,782 | WARNING | PyNaCl is not installed, voice will NOT be supported
2026-07-21 20:08:20,783 | WARNING | davey is not installed, voice will NOT be supported
2026-07-21 20:08:25,080 | INFO | logging in using static token
2026-07-21 20:08:26,442 | INFO | Shard ID None has connected to Gateway (Session ID: 0f40524203efe1ca318ddaedd4f40395).
2026-07-21 20:08:28,774 | INFO | Bot uruchomiony jako Iris Nova#6933
2026-07-21 20:08:46,990 | INFO | _.bl4ck0ut._ ostrzegł blacky_yfl: debil
2026-07-21 20:09:15,621 | INFO | _.bl4ck0ut._ usunął 1 wiadomości na nie-dotykavlc
2026-07-21 20:12:21,464 | WARNING | PyNaCl is not installed, voice will NOT be supported
2026-07-21 20:12:21,466 | WARNING | davey is not installed, voice will NOT be supported
2026-07-21 20:12:28,308 | INFO | logging in using static token
2026-07-21 20:12:31,578 | INFO | Shard ID None has connected to Gateway (Session ID: 70683d13550cffc99b10728140d35781).
2026-07-21 20:12:33,941 | INFO | Bot uruchomiony jako Iris Nova#6933
2026-07-21 20:24:05,390 | WARNING | PyNaCl is not installed, voice will NOT be supported
2026-07-21 20:24:05,391 | WARNING | davey is not installed, voice will NOT be supported
2026-07-21 20:24:11,443 | INFO | logging in using static token
2026-07-21 20:24:12,861 | INFO | Shard ID None has connected to Gateway (Session ID: ec44ea592a4da2095ec35fa1a70b9386).
2026-07-21 20:24:14,888 | INFO | Iris uruchomiony jako Iris Nova#6933
2026-07-21 20:24:15,191 | INFO | Bot uruchomiony jako Iris Nova#6933
2026-07-21 20:27:32,342 | WARNING | PyNaCl is not installed, voice will NOT be supported
2026-07-21 20:27:32,343 | WARNING | davey is not installed, voice will NOT be supported
2026-07-21 20:27:36,196 | INFO | logging in using static token
2026-07-21 20:27:37,390 | INFO | Shard ID None has connected to Gateway (Session ID: fc7e29519b5b7e57e9fc4774a0400c73).
2026-07-21 20:27:39,419 | INFO | Iris uruchomiony jako Iris Nova#6933
2026-07-21 20:27:39,732 | INFO | Bot uruchomiony jako Iris Nova#6933
2026-07-21 20:35:36,890 | WARNING | PyNaCl is not installed, voice will NOT be supported
2026-07-21 20:35:36,890 | WARNING | davey is not installed, voice will NOT be supported
2026-07-21 20:35:40,731 | INFO | logging in using static token
2026-07-21 20:35:44,323 | INFO | Shard ID None has connected to Gateway (Session ID: 8ef0b53d1df3bebc14988ad1b3739d82).
2026-07-21 20:35:46,340 | INFO | Iris uruchomiony jako Iris Nova#6933
2026-07-21 20:35:46,607 | INFO | Bot uruchomiony jako Iris Nova#6933
2026-07-21 20:39:36,171 | WARNING | PyNaCl is not installed, voice will NOT be supported
2026-07-21 20:39:36,172 | WARNING | davey is not installed, voice will NOT be supported
2026-07-21 20:39:40,532 | INFO | logging in using static token
2026-07-21 20:39:42,022 | INFO | Shard ID None has connected to Gateway (Session ID: 34ccec172db61b930f354fe83a487a0e).
2026-07-21 20:39:44,037 | INFO | Iris uruchomiony jako Iris Nova#6933
2026-07-21 20:39:44,568 | INFO | Bot uruchomiony jako Iris Nova#6933
2026-07-21 20:44:23,001 | WARNING | PyNaCl is not installed, voice will NOT be supported
2026-07-21 20:44:23,002 | WARNING | davey is not installed, voice will NOT be supported
2026-07-21 20:44:30,497 | INFO | logging in using static token
2026-07-21 20:44:31,750 | INFO | Shard ID None has connected to Gateway (Session ID: 8ab0f07a75492b556f78599a925bc507).
2026-07-21 20:44:33,781 | INFO | Iris uruchomiony jako Iris Nova#6933
2026-07-21 20:44:34,135 | INFO | Bot uruchomiony jako Iris Nova#6933
2026-07-21 20:47:45,383 | WARNING | PyNaCl is not installed, voice will NOT be supported
2026-07-21 20:47:45,383 | WARNING | davey is not installed, voice will NOT be supported
2026-07-21 20:47:49,080 | INFO | logging in using static token
2026-07-21 20:47:50,368 | INFO | Shard ID None has connected to Gateway (Session ID: 6d6ed3f873c8d63675c75e6c9b9f3ca6).
2026-07-21 20:47:52,390 | INFO | Iris uruchomiony jako Iris Nova#6933
2026-07-21 20:47:52,678 | INFO | Bot uruchomiony jako Iris Nova#6933
